2023-04-21T20:15:07.092Z - GET /Sites/USNJRAR
2023-04-21T20:37:05.483Z  - ::1 - GET /Sites/USNJRAR
2023-04-21T20:37:15.663Z  - ::1 - GET /Sites/USNJRAR
2023-04-21T21:44:24.914Z - POST /add/Site/JJJJJJE
2023-04-21T21:44:50.876Z - POST /add/Sites/JJJJJJE
2023-04-21T21:45:09.666Z - POST /add/Sites/JJJJJJE
2023-04-21T21:47:32.418Z - POST /add/Sites/JJJJJJE
2023-04-21T21:47:41.288Z - POST /add/Sites/JJJJJJE
2023-04-21T21:47:44.437Z - POST /add/Sites/JJJJJJE
2023-04-21T21:48:43.825Z - POST /add/Sites/JJJJJJE
2023-04-21T21:49:26.805Z - POST /add/Sites/JJJJJJE
2023-04-21T21:50:01.663Z - POST /add/Sites/JJJJJJE
2023-04-21T21:50:11.639Z - POST /add/Sites/JJJJJF
2023-04-21T21:51:17.150Z - POST /add/Sites/JJJJJF
2023-04-21T21:51:29.758Z - POST /add/Sites/JJJJJF
2023-04-21T21:52:10.734Z - POST /add/Sites/JJJJJF
2023-04-21T21:52:34.295Z - POST /add/Sites/JJJJJF
2023-04-21T21:52:40.854Z - POST /add/Sites/JJJJJF
2023-04-21T21:52:43.565Z - POST /add/Sites/JJJJJF
2023-04-21T21:52:59.096Z - POST /add/Sites/JJJJJF
2023-04-21T21:53:25.220Z - POST /add/Sites/JJJJJF
2023-04-21T21:53:26.967Z - POST /add/Sites/JJJJJF
2023-04-21T21:53:28.324Z - POST /add/Sites/JJJJJF
2023-04-21T21:53:28.798Z - POST /add/Sites/JJJJJF
2023-04-21T21:53:29.368Z - POST /add/Sites/JJJJJF
2023-04-21T21:53:29.941Z - POST /add/Sites/JJJJJF
2023-04-21T21:54:04.930Z - POST /add/Sites/JJJJJF
2023-04-21T21:54:36.348Z - POST /add/Sites/JJJJJF
2023-04-21T21:54:58.333Z - POST /add/Sites/JJJJJF
2023-04-21T21:55:11.251Z - POST /add/Sites/JJJJJF
2023-04-21T21:55:37.992Z - POST /add/Sites/JJJJJF
2023-04-21T21:55:48.686Z - POST /add/Sites/JJJJJF
2023-04-21T21:56:08.796Z - POST /add/Sites/JJJJJF
2023-04-21T21:56:37.387Z - POST /add/Sites/JJJJJF
2023-04-21T21:56:47.415Z - POST /add/Sites/JJJJJF
2023-04-21T21:56:55.994Z - POST /add/Sites/JJJJJF
2023-04-21T21:57:05.088Z - POST /add/Sites/JJJJJF
2023-04-21T21:57:22.467Z - POST /Sites/USNJRAR
2023-04-21T21:57:25.367Z - GET /Sites/USNJRAR
2023-04-21T21:57:34.515Z - POST /add/Sites/JJJJJF
2023-04-21T21:58:19.092Z - POST /add/Sites/JJJJJF
2023-04-21T21:58:32.598Z - POST /add/Sites/JJJJJF
2023-04-21T21:58:53.337Z - POST /add/Sites/JJJJJF
2023-04-21T22:01:10.285Z - POST /add/Sites/JJJJJF
2023-04-21T22:01:27.194Z - POST /add/Sites/JJJJJF
2023-04-21T22:01:55.999Z - POST /add/Sites/JJJJJF
2023-04-21T22:02:36.735Z - POST /add/Sites/JJJJJF
2023-04-21T22:03:02.841Z - POST /add/Sites/JJJJJF
2023-04-21T22:03:25.219Z - POST /add/Sites/JJJJJF
2023-04-21T22:04:33.610Z - POST /add/Sites/JJJJJF
2023-04-21T22:05:02.586Z - POST /add/Sites/JJJJJF
2023-04-21T22:05:20.479Z - GET /Sites/JJJJJF
2023-04-21T22:05:27.038Z - GET /Sites/JJJJJF
2023-04-21T22:06:03.274Z - GET /add/Sites/JJJJJF
2023-04-21T22:06:08.064Z - POST /add/Sites/JJJJJF
2023-04-21T22:06:30.787Z - POST /add/Sites/JJJJJF
2023-04-21T22:06:45.638Z - POST /add/Sites/JJJJJF
2023-04-21T22:15:19.414Z - POST /add/Sites/JJJJJF
2023-04-21T22:15:30.749Z - POST /Sites/JJJJJF
2023-04-21T22:15:34.446Z - GET /Sites/JJJJJF
2023-04-21T22:46:27.703Z - GET /Sites/USNJRAR
2023-04-21T22:49:05.472Z - GET /Sites/USNJRAR
2023-04-21T22:49:56.537Z - POST /add/Sites/JJJJJJE
2023-04-21T22:51:20.873Z - POST /add/Sites/JJJJJJG
2023-04-21T22:55:40.673Z - POST /add/Sites/JJJJJJG
2023-04-21T22:56:13.940Z - POST /add/Sites/JJJJJJGGG
2023-04-21T22:56:38.651Z - POST /add/Sites/JJJJJJGGG
2023-04-21T22:57:26.245Z - POST /add/Sites/JJJJJJGGG
2023-04-21T22:57:38.446Z - POST /add/Sites/JJJJJJGGG
2023-04-21T22:57:51.747Z - POST /add/Sites/JJJJJJGGG
2023-04-21T22:58:39.341Z - POST /add/Sites/JJJJJJGGG
2023-04-21T22:59:39.583Z - POST /add/Sites/JJJJJJGGG
2023-04-21T22:59:44.806Z - POST /add/Sites/JJJJJJGGG
2023-04-21T22:59:50.903Z - POST /add/Sites/JJJJJJGGG
2023-04-21T23:00:31.277Z - POST /add/Sites/JJJJJJGGG
